404 Error: http://localhost/support-system/asc
404 Error: http://localhost/support-system/asc
2025-03-25 01:48:44  | 404 Error: http://localhost/support-system/asc
2025-03-25 01:48:44  | 404 Error: http://localhost/support-system/asc
2025-03-25 01:48:44  | 404 Error: http://localhost/support-system/21
2025-03-25 01:48:44  | 404 Error: http://localhost/support-system/admin/s
2025-03-25 01:48:44  | 404 Error: http://localhost/support-system/admin/asdad
2025-03-25 01:48:44  | 404 Error: http://localhost/support-system/s
2025-03-25 01:48:44  | 404 Error: http://localhost/support-system/s
2025-03-25 01:48:44  | 404 Error: http://localhost/support-system/s
2025-03-25 01:48:44  | 404 Error: http://localhost/support-system/s
2025-03-25 01:48:44  | 404 Error: http://localhost/support-system/s
2025-03-25 01:48:44  | 404 Error: http://localhost/support-system/indsephp
2025-03-25 01:48:44  | 404 Error: http://localhost/support-system/error_page.php
2025-03-25 01:48:44  | 404 Error: http://localhost/support-system/error_page.php
2025-03-25 01:48:44  | 404 Error: http://localhost/support-system/error_page.php
2025-03-25 01:48:44  | 404 Error: http://localhost/support-system/sounds/notification.mp3
2025-03-25 01:48:44  | 404 Error: http://localhost/support-system/sounds/notification.mp3
2025-03-25 01:48:44  | 404 Error: http://localhost/support-system/sounds/notification.mp3
2025-03-25 01:48:44  | 404 Error: http://localhost/support-system/sounds/notification.mp3
2025-03-25 01:48:44  | 404 Error: http://localhost/support-system/sounds/notification.mp3
2025-03-25 01:48:44  | 404 Error: http://localhost/support-system/sounds/notification.mp3
2025-03-25 01:48:44  | 404 Error: http://localhost/support-system/sounds/notification.mp3
2025-03-25 01:48:44  | 404 Error: http://localhost/support-system/sounds/notification.mp3
2025-03-25 01:48:44  | 404 Error: http://localhost/support-system/sounds/notification.mp3
2025-03-25 01:48:44  | 404 Error: http://localhost/support-system/sounds/notification.mp3
2025-03-25 01:48:44  | 404 Error: http://localhost/support-system/sounds/notification.mp3
2025-03-25 01:48:44  | 404 Error: http://localhost/support-system/sounds/notification.mp3
2025-03-25 01:48:44  | 404 Error: http://localhost/support-system/sounds/notification.mp3
2025-03-25 01:48:44  | 404 Error: http://localhost/support-system/sounds/notification.mp3
2025-03-25 01:48:44  | 404 Error: http://localhost/support-system/sounds/notification.mp3
2025-03-25 01:48:44  | 404 Error: http://localhost/support-system/sounds/notification.mp3
2025-03-25 01:48:44  | 404 Error: http://localhost/support-system/admin/twitchSoundEffect.wav
2025-03-25 01:48:44  | 404 Error: http://localhost/support-system/admin/twitchSoundEffect.wav
2025-03-25 01:48:44  | 404 Error: http://localhost/support-system/admin/twitchSoundEffect.wav
2025-03-25 01:48:44  | 404 Error: http://localhost/support-system/admin/twitchSoundEffect.wav
2025-03-25 01:48:44  | 404 Error: http://localhost/support-system/admin/twitchSoundEffect.wav
2025-03-25 01:48:44  | 404 Error: http://localhost/support-system/admin/twitchSoundEffect.wav
2025-03-25 01:48:44  | 404 Error: http://localhost/support-system/admin/twitchSoundEffect.wav
2025-03-25 01:48:44  | 404 Error: http://localhost/support-system/admin/twitchSoundEffect.wav
2025-03-25 01:48:44  | 404 Error: http://localhost/support-system/admin/twitchSoundEffect.wav
2025-03-25 01:48:44  | 404 Error: http://localhost/support-system/admin/twitchSoundEffect.wav
2025-03-25 01:48:44  | 404 Error: http://localhost/support-system/admin/twitchSoundEffect.wav
2025-03-25 01:48:44  | 404 Error: http://localhost/support-system/admin/twitchSoundEffect.wav
2025-03-25 01:48:44  | 404 Error: http://localhost/support-system/admin/twitchSoundEffect.wav
2025-03-25 01:48:44  | 404 Error: http://localhost/support-system/admin/twitchSoundEffect.wav
2025-03-25 01:48:44  | 404 Error: http://localhost/support-system/admin/twitchSoundEfsfect.wav
2025-03-25 01:48:44  | 404 Error: http://localhost/support-system/admin/twitchSoundEfsfect.wav
2025-03-25 01:48:44  | 404 Error: http://localhost/support-system/admin/twitchSoundEffect.wav
2025-03-25 01:48:44  | 404 Error: http://localhost/support-system/admin/twitchSoundEffect.wav
2025-03-25 01:48:44  | 404 Error: http://localhost/support-system/admin/twitchSoundEffect.wav
2025-03-25 01:48:44  | 404 Error: http://localhost/support-system/admin/twitchSoundEffect.wav
2025-03-25 01:48:44  | 404 Error: http://localhost/support-system/admin/twitchSoundEffect.wav
2025-03-25 01:48:44  | 404 Error: http://localhost/support-system/admin/twitchSoundEffect.wav
2025-03-25 01:48:44  | 404 Error: http://localhost/support-system/sounds/twitchSoundEffect.wav
2025-03-25 01:48:44  | 404 Error: http://localhost/support-system/sounds/twitchSoundEffect.wav
2025-03-25 01:48:44  | 404 Error: http://localhost/support-system/sounds/twitchSoundEffect.m4a
2025-03-25 01:48:44  | 404 Error: http://localhost/support-system/sounds/twitchSoundEffect.m4a
2025-03-25 01:48:44  | 404 Error: http://localhost/support-system/sounds/twitchSoundEffect.m4a
2025-03-25 01:48:44  | 404 Error: http://localhost/support-system/sounds/twitchSoundEffect.m4a
2025-03-25 01:48:44  | 404 Error: http://localhost/support-system/sounds/twitchSoundEffect.m4a
2025-03-25 01:48:44  | 404 Error: http://localhost/support-system/sounds/twitchSoundEffect.m4a
2025-03-25 01:48:44  | 404 Error: http://localhost/support-system/sounds/twitchSoundEffect.m4a
2025-03-25 01:48:44  | 404 Error: http://localhost/support-system/sounds/twitchSoundEffect.m4a
2025-03-25 01:48:44  | 404 Error: http://localhost/support-system/sounds/twitchSoundEffect.m4a
2025-03-25 01:48:44  | 404 Error: http://localhost/support-system/sounds/twitchSoundEffect.m4a
2025-03-25 01:48:44  | 404 Error: http://localhost/support-system/sounds/twitchSoundEffect.m4a
2025-03-25 01:48:44  | 404 Error: http://localhost/support-system/sounds/twitchSoundEffect.sm4a
2025-03-25 01:48:44  | 404 Error: http://localhost/support-system/sounds/twitchSoundEffect.sm4a
2025-03-25 01:48:44  | 404 Error: http://localhost/support-system/sounds/twitchSoundEffecst.m4a
2025-03-25 01:48:44  | 404 Error: http://localhost/support-system/sounds/twitchSoundEffecst.m4a
2025-03-25 01:48:44  | 404 Error: http://localhost/support-system/admin/sounds/twitchSoundEffect.wav
2025-03-25 01:48:44  | 404 Error: http://localhost/support-system/admin/sounds/twitchSoundEffect.wav
2025-03-25 01:48:44  | 404 Error: http://localhost/support-system/admin/sounds/twitchSoundEffect.wav
2025-03-25 01:48:44  | 404 Error: http://localhost/support-system/admin/sounds/twitchSoundEffect.wav
2025-03-25 01:48:44  | 404 Error: http://localhost/support-system/admin/sounds/twitchSoundEffect.wav
2025-03-25 01:48:44  | 404 Error: http://localhost/support-system/admin/sounds/twitchSoundEffect.wav
2025-03-25 01:48:44  | 404 Error: http://localhost/support-system/admin/sounds/notification.mp3
2025-03-25 01:48:44  | 404 Error: http://localhost/support-system/admin/sounds/notification.mp3
2025-03-25 01:48:44  | 404 Error: http://localhost/support-system/admin/sounds/notification.mp3
2025-03-25 01:48:44  | 404 Error: http://localhost/support-system/admin/sounds/notification.mp3
2025-03-25 01:48:44  | 404 Error: http://localhost/support-system/admin/sounds/notification.mp3
